TN:
SF:src\funciones.ts
FN:2,esPalindromo
FN:8,sonAnagramas
FN:9,normalizar
FN:14,esIsograma
FN:21,analizarPalabras
FNF:5
FNH:4
FNDA:2,esPalindromo
FNDA:1,sonAnagramas
FNDA:2,normalizar
FNDA:2,esIsograma
FNDA:0,analizarPalabras
DA:1,1
DA:2,1
DA:3,2
DA:4,2
DA:5,2
DA:6,1
DA:7,1
DA:8,1
DA:9,1
DA:10,1
DA:11,1
DA:12,1
DA:13,1
DA:14,1
DA:15,2
DA:16,2
DA:17,2
DA:18,2
DA:19,1
DA:20,1
DA:21,1
DA:22,0
DA:23,0
DA:24,0
DA:25,0
DA:26,0
DA:27,0
LF:27
LH:21
BRDA:2,0,0,2
BRDA:8,1,0,1
BRDA:9,2,0,2
BRDA:14,3,0,2
BRF:4
BRH:4
end_of_record
